Chronologic VCS simulator copyright 1991-2013
Contains Synopsys proprietary information.
Compiler version H-2013.06-3_Full64; Runtime version H-2013.06-3_Full64;  Nov 19 21:53 2013
----------------------------------------------------------------
UVM-1.1d.VCS
(C) 2007-2013 Mentor Graphics Corporation
(C) 2007-2013 Cadence Design Systems, Inc.
(C) 2006-2013 Synopsys, Inc.
(C) 2011-2013 Cypress Semiconductor Corp.
----------------------------------------------------------------
VCD+ Writer H-2013.06-3_Full64 Copyright (c) 1991-2013 by Synopsys Inc.
The design has assertions or cover properties.
The assertion browser can be used to view them. Click on the assertion toolbar button or use the menu 'Window->Panes->Assertion' to open it.
The file '/DCNFS/users/student/xwei/Desktop/ELEN603/final/IMAGEPROC/tb/inter.vpd' was opened successfully.
c.sdb'
b'
b'
b'
c.sdb'
dve> 
dve> 
dve> 
dve> 
dve> 
dve> 
UVM_FATAL @ 0.0ns: reporter [NOCOMP] No components instantiated. You must either instantiate at least one component before calling run_test or use run_test to do so. To run a test using run_test, use +UVM_TESTNAME or supply the test name in the argument to run_test(). Exiting simulation.

--- UVM Report Summary ---

** Report counts by severity
UVM_INFO :    0
UVM_WARNING :    0
UVM_ERROR :    0
UVM_FATAL :    1
** Report counts by id
[NOCOMP]     1
$finish called from file "/projects/dft2005fall/bgreene/vcs/etc/uvm-1.1/base/uvm_report_object.svh", line 292.
$finish at simulation time      0.0ns
Simulation complete, time is 000 ps.
           V C S   S i m u l a t i o n   R e p o r t 
Time: 000 ps
CPU Time:      0.470 seconds;       Data structure size:  12.9Mb
Tue Nov 19 21:56:42 2013

An unexpected termination has occurred in ./simv

During icl execution command: ="_icl_dumpFlush '/DCNFS/users/student/xwei/Desktop/ELEN603/final/IMAGEPROC/tb/inter.vpd' 'VPD'" <slb!&*()_+>---<sls!&*()_+>loc: -1<sls!&*()_+>diagtype: crash<sls!&*()_+>verbosity: 0<sls!&*()_+>msgtype: 0<sls!&*()_+>length: 0<sls!&*()_+>...<sls!&*()_+><sle!&*()_+>


Command line: ./simv -gui
---------------------------------------------

Simulation has just terminated due to a severe internal error:


Release = 'H-2013.06-3_Full64'  Architecture = 'amd64'  Program = 'DVE'

'33054636 33080112 31475059 31476128 31479648 31480402 41778959 41784626 41934777 41953814 42101824 41784626 41788283 41788638 42103351 41784626 41934777 41953814 41788724 41814731 41784626 41934777 41953814 42101824 41784626 41788283 42034585 41784626 41934777 41953814 42101824 41784626 41788283 41788638 42103351 41784626 41934777 41953814 41788724 41814731 41784626 41934777 41953814 42101824 41784626 41788283 42034585 41784626 41934777 41953814 41788724 41983896 41993417 42152780 42064408 42065204 31469989 31485720 31486613 31488645 41778959 41784626 41934777 41953814 42101824 41784626 41788283 41788638 42103351 41784626 41934777 41953814 41788724 41814731 41784626 41934777 41953814 42101824 41784626 41788283 42034585 41784626 41934777 41953814 42101824 41784626 41788283 41788638 42103351 41784626 41934777 41953814 41788724 41814731 41784626 41934777 41953814 42101824 41784626 41788283'

---------------------------------------------
===============================DVE Context================================
Tcl="synopsys::run " 
Tcl="gui_sim_continue " 
Tcl="gui_eval_and_log_cmd gui_sim_continue  " 
Tcl="gui_simulator_start_continue_command " 
Command line: /projects/dft2005fall/bgreene/vcs/gui/dve/amd64/bin/dve.exe -full64 -ucliplatform=amd64 -toolargs "-ucligui -toolexe ./simv  -pid 11058" -toolin /tmp/vcs_20131120055311_11057_xwei..stdin -toolout /tmp/vcs_20131120055311_11057_xwei..stdout
==========================================================================
