# Preference setting overrides
gui_create_pref_key -category {Globals} -key {load_detail_for_funcov} -value_type {bool} -value {false}
gui_create_pref_category -category {schem_obj_name}
gui_create_pref_key -category {schem_obj_name} -key {show_cell_and_pin_with_symbol_name} -value_type {bool} -value {false}
gui_create_pref_key -category {schem_pin_hc} -key {textExtFont} -value_type {string} -value {Helvetica,10,-1,5,50,0,0,0,0,0}

# State setting overrides
gui_state_default_create -off -ini
gui_set_state_value -category Layout -key child_console_size_x -value 1919
gui_set_state_value -category Layout -key child_console_size_y -value 113
gui_set_state_value -category Layout -key child_data_coltype -value 69
gui_set_state_value -category Layout -key child_data_colvalue -value 79
gui_set_state_value -category Layout -key child_data_colvariable -value 167
gui_set_state_value -category Layout -key child_data_size_x -value 324
gui_set_state_value -category Layout -key child_data_size_y -value 943
gui_set_state_value -category Layout -key child_hier_col3 -value {-1}
gui_set_state_value -category Layout -key child_hier_colhier -value 243
gui_set_state_value -category Layout -key child_hier_colpd -value 0
gui_set_state_value -category Layout -key child_hier_coltype -value 140
gui_set_state_value -category Layout -key child_hier_size_x -value 408
gui_set_state_value -category Layout -key child_hier_size_y -value 943
gui_set_state_value -category Layout -key child_schematic_docknewline -value false
gui_set_state_value -category Layout -key child_schematic_pos_x -value {-2}
gui_set_state_value -category Layout -key child_schematic_pos_y -value {-15}
gui_set_state_value -category Layout -key child_schematic_size_x -value 1190
gui_set_state_value -category Layout -key child_schematic_size_y -value 938
gui_set_state_value -category Layout -key child_source_docknewline -value false
gui_set_state_value -category Layout -key child_source_pos_x -value {-2}
gui_set_state_value -category Layout -key child_source_pos_y -value {-15}
gui_set_state_value -category Layout -key child_source_size_x -value 1096
gui_set_state_value -category Layout -key child_source_size_y -value 938
gui_set_state_value -category Layout -key child_wave_colname -value 138
gui_set_state_value -category Layout -key child_wave_colvalue -value 138
gui_set_state_value -category Layout -key child_wave_left -value 280
gui_set_state_value -category Layout -key child_wave_right -value 684
gui_set_state_value -category Layout -key main_pos_x -value 0
gui_set_state_value -category Layout -key main_pos_y -value 22
gui_set_state_value -category Layout -key main_size_x -value 1919
gui_set_state_value -category Layout -key main_size_y -value 1177
gui_set_state_value -category Layout -key stand_wave_child_docknewline -value false
gui_set_state_value -category Layout -key stand_wave_child_pos_x -value {-2}
gui_set_state_value -category Layout -key stand_wave_child_pos_y -value {-15}
gui_set_state_value -category Layout -key stand_wave_child_size_x -value 974
gui_set_state_value -category Layout -key stand_wave_child_size_y -value 589
gui_set_state_value -category Layout -key stand_wave_top_pos_x -value 113
gui_set_state_value -category Layout -key stand_wave_top_pos_y -value 240
gui_set_state_value -category Layout -key stand_wave_top_size_x -value 1082
gui_set_state_value -category Layout -key stand_wave_top_size_y -value 957
gui_create_state_key -category FindDialog -key m_pMatchCase -value_type bool -value false
gui_create_state_key -category FindDialog -key m_pMatchWord -value_type bool -value false
gui_create_state_key -category FindDialog -key m_pUseCombo -value_type string -value {}
gui_create_state_key -category FindDialog -key m_pWrapAround -value_type bool -value true
gui_create_state_key -category Widget_History -key {dlgSimSetup|m_setupTab|tab pages|SimTab|m_VPDCombo} -value_type string -value inter.vpd
gui_create_state_key -category Widget_History -key {dlgSimSetup|m_setupTab|tab pages|SimTab|m_argsCombo} -value_type string -value {{-ucligui }}
gui_create_state_key -category Widget_History -key {dlgSimSetup|m_setupTab|tab pages|SimTab|m_curDirCombo} -value_type string -value /DCNFS/users/student/xwei/Desktop/verilog/syn_fifo
gui_create_state_key -category Widget_History -key {dlgSimSetup|m_setupTab|tab pages|SimTab|m_exeCombo} -value_type string -value {/DCNFS/users/student/xwei/Desktop/verilog/syn_fifo/simv ./simv}
gui_state_default_create -off

# Begin command logging
gui_set_pref_value -category {Globals} -key {smart_resize} -value {false}
gui_set_pref_value -category {Globals} -key {smart_resize} -value {true}
gui_sim_run Ucli -exe ./simv -args {-ucligui  } -dir .
gui_list_expand -id  Hier.1   imageproc_test_top
gui_list_select -id Hier.1 -current_item_name imageproc_test_top -current_item_type Scope  -selected  { imageproc_test_top   }
gui_list_expand -id  Hier.1   imageproc_test_top.dut
gui_list_select -id Hier.1 -current_item_name imageproc_test_top.dut -current_item_type Scope  -selected  { imageproc_test_top.dut   }
gui_list_select -id Hier.1 -current_item_name imageproc_test_top -current_item_type Scope  -selected  { imageproc_test_top   }
gui_use_schematics 
gui_sch_show -name imageproc_test_top
gui_zoom -window Schematic.1 -rect { {-6838 -4061} {16837 14080} }
gui_zoom -window Schematic.1 -rect { {-507 -37419} {53791 4187} }
gui_zoom -window Schematic.1 -rect { {-507 -37419} {53791 4187} }
gui_zoom -window Schematic.1 -rect { {-507 -37419} {53791 4187} }
gui_schematic_select -id Schematic.1 -type {cell} -parent {imageproc_test_top} {imageproc_test_top.dut}
gui_schematic_select -id Schematic.1 -type {cell} -parent {imageproc_test_top} {imageproc_test_top.dut}
gui_sch_viewport_backup -id Schematic.1 -type save
gui_sch_show -window Schematic.1 -name imageproc_test_top.dut
gui_zoom -window Schematic.1 -rect { {-876 -51891} {79027 9336} }
gui_zoom -window Schematic.1 -rect { {-876 -51891} {79027 9336} }
gui_sch_viewport_backup -id Schematic.1 -type restore -action in -pins {} -slct_targets global
gui_schematic_clear_selection -id Schematic.1
package require snpsMisc ; Misc::exec_method -method popCmd 
::Schematic::pop_netlists Schematic.1
gui_zoom -window Schematic.1 -rect { {-507 -37419} {53792 4188} }
gui_schematic_select -id Schematic.1 -type {cell} -parent {imageproc_test_top} {imageproc_test_top.dut}
gui_sch_viewport_backup -id Schematic.1 -type save
gui_sch_show -window Schematic.1 -name imageproc_test_top.dut
gui_zoom -window Schematic.1 -rect { {-876 -51891} {79027 9336} }
gui_zoom -window Schematic.1 -rect { {-876 -51891} {79027 9336} }
gui_sch_viewport_backup -id Schematic.1 -type restore -action in -pins {} -slct_targets global
gui_schematic_clear_selection -id Schematic.1
package require snpsMisc ; Misc::exec_method -method popCmd 
::Schematic::pop_netlists Schematic.1
gui_zoom -window Schematic.1 -rect { {-507 -37419} {53793 4189} }
gui_schematic_select -id Schematic.1 -type {cell} -parent {imageproc_test_top} {imageproc_test_top.dut}
gui_sch_viewport_backup -id Schematic.1 -type save
gui_sch_show -window Schematic.1 -name imageproc_test_top.dut
gui_zoom -window Schematic.1 -rect { {-876 -51891} {79027 9336} }
gui_zoom -window Schematic.1 -rect { {-876 -51891} {79027 9336} }
gui_sch_viewport_backup -id Schematic.1 -type restore -action in -pins {} -slct_targets global
gui_schematic_clear_selection -id Schematic.1
gui_schematic_select -id Schematic.1 -type {cell} -parent {imageproc_test_top.dut} {imageproc_test_top.dut.compute_xy}
gui_sch_viewport_backup -id Schematic.1 -type save
gui_sch_show -window Schematic.1 -name imageproc_test_top.dut.compute_xy
gui_zoom -window Schematic.1 -rect { {-828 -38247} {60273 8573} }
gui_zoom -window Schematic.1 -rect { {-828 -38247} {60273 8573} }
gui_sch_viewport_backup -id Schematic.1 -type restore -action in -pins {} -slct_targets global
gui_schematic_clear_selection -id Schematic.1
gui_sim_continue  
