ucliGUI::start /DCNFS/users/student/xwei/Desktop/ELEN603/final/IMAGEPROC/tb/simv -ucligui +UVM_TESTNAME=test_rotate
set ucliGUI::state
set ucliGUI::state
ucliCore::getToolPID
synopsys::env hasTB
trigger_hier_stack_context_switch 0
synopsys::xml set_array_limit <data limit="50" />
synopsys::xml set_depth_limit <data limit="100" />
synopsys::xml set_string_limit <data limit="1000" />
synopsys::xml set_only_active_frame <data value="1" />
synopsys::xml set_variable_frame_id <data value="1" />
synUtils::setDVEInitPhase 1
synopsys::dump -type VPD -file /DCNFS/users/student/xwei/Desktop/ELEN603/final/IMAGEPROC/tb/inter.vpd -locking
synopsys::dump -autoflush on -fid VPD27
set ::dve_fid VPD27
synUtils::setDVEInitPhase 0
ucliCore::getToolPID
synUtils::sendTool -active _icl_setToolSocket linux60814 47797
synUtils::sendTool -active {_icl_start_rpc -version "H-2013.06-3_Full64" -sync_file /tmp/vcs_dve_rpc.xwei.2923}
synUtils::sendTool -active {_icl_createSharedMemory /tmp/vcs_dve_general.xwei.2923}
config endofsim noexit
config onfail enable all
config syscaddplainmembers
config syscaddsourcenames
config syscaddstructtypes
synopsys::listing -disable
# Begin_DVE_Session_Save_Info
# DVE restart session
# Saved on Sat Nov 30 18:35:45 2013
# Designs open: 1
#   Sim: /DCNFS/users/student/xwei/Desktop/ELEN603/final/IMAGEPROC/tb/simv
# Toplevel windows open: 1
# 	TopLevel.1
#   Source.1: uvm_pkg.\uvm_root::run_test
#   Wave.1: 92 signals
#   Schematic.1: imageproc_test_top.dut
#   Group count = 6
#   Group dut signal count = 31
#   Group rotate_orig signal count = 11
#   Group read_orig signal count = 15
#   Group read_tmp signal count = 15
#   Group write_orig signal count = 10
#   Group write_tmp signal count = 10
# End_DVE_Session_Save_Info
# DVE version: H-2013.06-3_Full64
# DVE build date: Sep  9 2013 21:31:29
#<Session mode="Restart" path=".restartSimSession.tcl" type="Debug">
# Application preferences
#<WindowLayout>
# DVE top-level session
# Create and position top-level window: TopLevel.1
set TopLevel.1 TopLevel.1
# Docked window settings
set HSPane.1 HSPane.1
set Hier.1 Hier.1
set Stack.1 Stack.1
set Class.1 Class.1
set Object.1 Object.1
set DLPane.1 DLPane.1
set Data.1 Data.1
set Local.1 Local.1
set Member.1 Member.1
set Console.1 Console.1
# MDI window settings
set Source.1 Source.1
set Wave.1 Wave.1
set Schematic.1 [gui_create_window -type {Schematic}  -parent ${TopLevel.1} -defer_create_taskbar_icon]
set setting [::Misc::Setting::create -array DveSchematicSettings]
Misc::init_window $setting ${Schematic.1}
::Misc::exec_method -window ${Schematic.1} -method captionCmd
# End MDI window settings
#</WindowLayout>
#<Database>
#</Database>
# DVE Global setting session:
# Global: Breakpoints
# Global: Bus
# Global: Expressions
# Global: Signal Time Shift
# Global: Signal Compare
# Global: Signal Groups
synopsys::dump -add {imageproc_test_top.dut.read_tmp} -scope "." -depth 1 -fid VPD27
synopsys::dump -add {imageproc_test_top.dut} -scope "." -depth 1 -fid VPD27
synopsys::dump -add {imageproc_test_top.dut.read_orig} -scope "." -depth 1 -fid VPD27
synopsys::dump -add {imageproc_test_top.dut.write_tmp} -scope "." -depth 1 -fid VPD27
synopsys::dump -add {imageproc_test_top.dut.write_orig} -scope "." -depth 1 -fid VPD27
set _session_group_82 dut
set dut "$_session_group_82"
set _session_group_83 rotate_orig
set rotate_orig "$_session_group_83"
set _session_group_84 read_orig
set read_orig "$_session_group_84"
set _session_group_85 read_tmp
set read_tmp "$_session_group_85"
set _session_group_86 write_orig
set write_orig "$_session_group_86"
set _session_group_87 write_tmp
set write_tmp "$_session_group_87"
# Global: Highlighting
# Global: Stack
# Post database loading setting...
# Restore C1 time
# Save global setting...
# Wave/List view global setting
# Close all empty TopLevel windows
foreach __top [gui_ekki_get_window_ids -type TopLevel] {     if { [llength [gui_ekki_get_window_ids -parent $__top]] == 0} {         gui_close_window -window $__top     } }
# DVE View/pane content session:
# Hier 'Hier.1'
# Class 'Class.1'
# Member 'Member.1'
# Data 'Data.1'
# Source 'Source.1'
# Warning: Class view not found.
# View 'Wave.1'
set groupExD [gui_get_pref_value -category Wave -key exclusiveSG]
set origWaveHeight [gui_get_pref_value -category Wave -key waveRowHeight]
set origGroupCreationState [gui_list_create_group_when_add -wave]
synopsys::dump -add {_vcs_unit__1777893982 } -aggregates  -fid VPD27
synopsys::dump -add {_vcs_unit__1777893982 imageproc_test_top.dut.rotate_orig.ANGLE imageproc_test_top.dut.rotate_orig.clk imageproc_test_top.dut.rotate_orig.cos imageproc_test_top.dut.rotate_orig.data imageproc_test_top.dut.rotate_orig.data2 imageproc_test_top.dut.rotate_orig.data_valid imageproc_test_top.dut.rotate_orig.data_valid2 imageproc_test_top.dut.rotate_orig.sin imageproc_test_top.dut.rotate_orig.x imageproc_test_top.dut.rotate_orig.y } -aggregates  -fid VPD27
ucliGUI::vpdAddHierarchy -scope _vcs_unit__1777893982 -depth 2 -file /DCNFS/users/student/xwei/Desktop/ELEN603/final/IMAGEPROC/tb/inter.vpd; synopsys::dump -flush VPD27
if {$origGroupCreationState} { 	gui_list_create_group_when_add -wave -enable }
if { $groupExD } {  gui_msg_report -code DVWW028 }
# View 'Schematic.1'
# Create schematic window 'Schematic.1'
# Restore toplevel window zorder
# The toplevel window could be closed if it has no view/pane
if {[gui_exist_window -window ${TopLevel.1}]} { 	gui_set_active_window -window ${TopLevel.1} 	gui_set_active_window -window ${Schematic.1} 	gui_set_active_window -window ${HSPane.1} }
#</Session>
