Chronologic VCS simulator copyright 1991-2013
Contains Synopsys proprietary information.
Compiler version H-2013.06-3_Full64; Runtime version H-2013.06-3_Full64;  Dec  1 22:42 2013
----------------------------------------------------------------
UVM-1.1d.VCS
(C) 2007-2013 Mentor Graphics Corporation
(C) 2007-2013 Cadence Design Systems, Inc.
(C) 2006-2013 Synopsys, Inc.
(C) 2011-2013 Cypress Semiconductor Corp.
----------------------------------------------------------------
VCD+ Writer H-2013.06-3_Full64 Copyright (c) 1991-2013 by Synopsys Inc.
The design has assertions or cover properties.
The assertion browser can be used to view them. Click on the assertion toolbar button or use the menu 'Window->Panes->Assertion' to open it.
The file '/DCNFS/users/student/xwei/Desktop/ELEN603/final/IMAGEPROC/tb/inter.vpd' was opened successfully.
c.sdb'
b'
b'
b'
c.sdb'
UVM_INFO @ 0.0ns: reporter [RNTST] Running test test_rotate...
UVM_INFO reset_agent.sv(28) @ 0.0ns: uvm_test_top.env.r_agent [RSTCFG] Reset agent r_agent setting for is_active is: UVM_ACTIVE
UVM_INFO packet_sequence.sv(35) @ 1650.0ns: uvm_test_top.env.i_agent.seqr@@packet_sequence [ITEM_COUNT] test.\packet_sequence::body   Setting item_count to           1
UVM_INFO driver.sv(86) @ 1650.0ns: uvm_test_top.env.i_agent.drv [DRV_RUN] Loading image from mem.image!!
UVM_INFO driver.sv(98) @ 1750.0ns: uvm_test_top.env.i_agent.drv [DRV_RUN] Sending packet
UVM_INFO driver.sv(110) @ 81921650.0ns: uvm_test_top.env.i_agent.drv [DRV_RUN] Displaying image
UVM_INFO driver.sv(51) @ 81921850.0ns: uvm_test_top.env.i_agent.drv [DRV_RUN] 
-------------------------------------------------------------------------------------------------
Name                           Type           Size  Value                                        
-------------------------------------------------------------------------------------------------
req                            packet_rotate  -     @905                                         
  cmd                          cmd_e          32    ROTATE                                       
  cmd_data                     integral       4     'ha                                          
  begin_time                   time           64    1650.0ns                                     
  depth                        int            32    'd2                                          
  parent sequence (name)       string         15    packet_sequence                              
  parent sequence (full name)  string         45    uvm_test_top.env.i_agent.seqr.packet_sequence
  sequencer                    string         29    uvm_test_top.env.i_agent.seqr                
-------------------------------------------------------------------------------------------------

UVM_INFO @ 81921850.0ns: reporter [UVMTOP] UVM testbench topology:
--------------------------------------------------------------
Name                       Type                    Size  Value
--------------------------------------------------------------
uvm_test_top               test_rotate             -     @458 
  env                      imageproc_env           -     @466 
    i_agent                input_agent             -     @479 
      drv                  driver                  -     @628 
        rsp_port           uvm_analysis_port       -     @645 
        seq_item_port      uvm_seq_item_pull_port  -     @636 
      seqr                 uvm_sequencer           -     @505 
        rsp_export         uvm_analysis_export     -     @513 
        seq_item_export    uvm_seq_item_pull_imp   -     @619 
        arbitration_queue  array                   0     -    
        lock_queue         array                   0     -    
        num_last_reqs      integral                32    'd1  
        num_last_rsps      integral                32    'd1  
    r_agent                reset_agent             -     @491 
      drv                  reset_driver            -     @787 
        rsp_port           uvm_analysis_port       -     @804 
        seq_item_port      uvm_seq_item_pull_port  -     @795 
      mon                  reset_monitor           -     @816 
        analysis_port      uvm_analysis_port       -     @827 
      seqr                 uvm_sequencer           -     @664 
        rsp_export         uvm_analysis_export     -     @672 
        seq_item_export    uvm_seq_item_pull_imp   -     @778 
        arbitration_queue  array                   0     -    
        lock_queue         array                   0     -    
        num_last_reqs      integral                32    'd1  
        num_last_rsps      integral                32    'd1  
--------------------------------------------------------------


#### Factory Configuration (*)

Instance Overrides:

  Requested Type  Override Path                     Override Type
  --------------  --------------------------------  -------------
  packet          uvm_test_top.env.i_agent*.seqr.*
  packet_rotate

No type overrides are registered with this factory

All types registered with the factory: 55 total
(types without type names will not be printed)

  Type Name
  ---------
  driver
  imageproc_env
  input_agent
  packet
  packet_rotate
  packet_sequence
  packet_zoom
  reset_agent
  reset_driver
  reset_monitor
  reset_sequence
  reset_tr
  test_base
  test_rotate
  test_rotate_seq
  test_rotate_type
  test_zoom
  test_zoom_seq
  test_zoom_type
(*) Types with no associated type name will be printed as <unknown>

####


--- UVM Report Summary ---

** Report counts by severity
UVM_INFO :    8
UVM_WARNING :    0
UVM_ERROR :    0
UVM_FATAL :    0
** Report counts by id
[DRV_RUN]     4
[ITEM_COUNT]     1
[RNTST]     1
[RSTCFG]     1
[UVMTOP]     1
$finish called from file "/projects/dft2005fall/bgreene/vcs/etc/uvm-1.1/base/uvm_root.svh", line 438.
$finish at simulation time 81921850.0ns
Simulation complete, time is 81921850000 ps.
           V C S   S i m u l a t i o n   R e p o r t 
Time: 81921850000 ps
CPU Time:      6.040 seconds;       Data structure size:  12.9Mb
Sun Dec  1 22:46:25 2013
