15:00:40    16 -->                                                             [tcl] ucliGUI::connect -toolargs -ucligui -toolexe ./simv -pid 16934 -toolin /tmp/vcs_20131125230019_16933_xwei..stdin -toolout /tmp/vcs_20131125230019_16933_xwei..stdout  
15:00:40    17 -->                                                                 [tcl] set ucliGUI::state
15:00:41    18 -->                                                                     [tcl] gui_update_simulator_buttons
15:00:53    19 -->                                                                         [tcl] set ucliGUI::state
15:00:53    20 -->                                                                             [tcl] ucliCore::getToolPID
15:00:53    21 -->                                                                                 [tcl] synopsys::env hasTB
15:00:53    22 -->                                                                                     [tcl] trigger_hier_stack_context_switch 0
15:00:53    23 -->                                                                                         [tcl] synopsys::xml set_array_limit <data limit="50" />
15:00:53    24 -->                                                                                             [tcl] synopsys::xml set_depth_limit <data limit="100" />
15:00:53    25 --> ...  [tcl] synopsys::xml set_string_limit <data limit="1000" />
15:00:53    26 --> ...      [tcl] synopsys::xml set_only_active_frame <data value="1" />
15:00:53    27 --> ...          [tcl] synopsys::xml set_variable_frame_id <data value="1" />
15:00:53    28 --> ...              [tcl] synUtils::setDVEInitPhase 1
15:00:53    29 --> ...                  [tcl] gui_get_env SIMSETUP::SIMVPD
15:00:53    30 --> ...                      [tcl] synopsys::dump -type VPD -file /DCNFS/users/student/xwei/Desktop/ELEN603/final/IMAGEPROC/tb/inter.vpd -locking
15:00:53    31 --> ...                          [tcl] synopsys::dump -autoflush on -fid VPD0
15:00:54    32 --> ...                              [tcl] set ::dve_fid VPD0
15:00:54    33 --> ...                                  [tcl] synUtils::setDVEInitPhase 0
15:00:54    34 --> ...                                      [tcl] ucliCore::getToolPID
15:00:54    35 --> ...                                          [tcl] synUtils::sendTool -active _icl_setToolSocket linux60808 51780
15:00:54    36 --> ...                                              [tcl] synUtils::sendTool -active {_icl_start_rpc -version "H-2013.06-3_Full64" -sync_file /tmp/vcs_dve_rpc.xwei.16934}
15:00:54    37 --> ...                                                  [tcl] synUtils::sendTool -active {_icl_createSharedMemory /tmp/vcs_dve_general.xwei.16934}
15:00:54    38 --> ...                                                      [tcl] dveMisc::vbusExpand uvm_pkg
15:00:54    39 --> ...                                                          [tcl] ucliGUI::vpdAddHierarchy -scope uvm_pkg -depth 1 -file /DCNFS/users/student/xwei/Desktop/ELEN603/final/IMAGEPROC/tb/inter.vpd; synopsys::dump -flush VPD0
15:00:55    40 --> ...                                                              [tcl] config endofsim noexit
15:00:55    41 --> ...                                                                  [tcl] config onfail enable all
15:00:55    42 --> ...                                                                      [tcl] config syscaddplainmembers
15:00:55    43 --> ...                                                                          [tcl] config syscaddsourcenames
15:00:55    44 --> ...                                                                              [tcl] config syscaddstructtypes
15:00:55    45 --> ...                                                                                  [tcl] synopsys::listing -disable
15:00:59    46 --> ...                                                                                      [tcl] dveMisc::vbusExpand imageproc_test_top
15:01:00    47 --> ...                                                                                          [tcl] tcl_source /projects/dft2005fall/bgreene/vcs/gui/dve/auxx/gui/dve/schematic.tcl
15:01:00    48 --> ...                                                                                              [tcl] tcl_source /projects/dft2005fall/bgreene/vcs/gui/dve/auxx/gui/common/schematic/base.tcl
15:01:00    49 --> ...                                                                                                  [tcl] tcl_source /projects/dft2005fall/bgreene/vcs/gui/dve/auxx/gui/common/schematic/enable.tcl
15:01:00    50 --> ...  [tcl] tcl_source /projects/dft2005fall/bgreene/vcs/gui/dve/auxx/gui/common/schematic/netlist.tcl
15:01:00    51 --> ...      [tcl] tcl_source /projects/dft2005fall/bgreene/vcs/gui/dve/auxx/gui/common/schematic/method.tcl
15:01:00    52 --> ...          [tcl] tcl_source /projects/dft2005fall/bgreene/vcs/gui/dve/auxx/gui/common/strokes/stroke_defaults.tcl
15:01:00    53 --> ...              [tcl] tcl_source /projects/dft2005fall/bgreene/vcs/gui/dve/auxx/gui/common/dialogs/ObjectListInfo.tcl
15:01:00    54 --> ...                  [tcl] tcl_source /projects/dft2005fall/bgreene/vcs/gui/dve/auxx/gui/common/schematic/DialogPathSchematicFanInOut.tcl
15:01:00    55 --> ...                      [tcl] tcl_source /projects/dft2005fall/bgreene/vcs/gui/dve/auxx/gui/dve/driversloads.tcl
15:01:50    56 --> ...                          [tcl] synopsys::dump -add {imageproc_test_top.sigs} -aggregates  -fid VPD0
