# Preference setting overrides
gui_create_pref_key -category {Globals} -key {load_detail_for_funcov} -value_type {bool} -value {false}
gui_set_pref_value -category {Source} -key {value_annotate} -value {true}
gui_create_pref_category -category {schem_obj_name}
gui_create_pref_key -category {schem_obj_name} -key {show_cell_and_pin_with_symbol_name} -value_type {bool} -value {false}
gui_create_pref_key -category {schem_pin_hc} -key {textExtFont} -value_type {string} -value {Helvetica,10,-1,5,50,0,0,0,0,0}

# State setting overrides
gui_state_default_create -off -ini
gui_set_state_value -category Globals -key open_wave_inside -value true
gui_set_state_value -category Globals -key recent_sessions -value {{gui_load_session -ignore_errors -file /DCNFS/users/student/xwei/Desktop/ELEN603/final/IMAGEPROC/tb/DVEfiles//crash_11.30:19.14/dve_session11.30:19.14.tcl} {gui_load_session -ignore_errors -file /DCNFS/users/student/xwei/Desktop/ELEN603/final/IMAGEPROC/tb/DVEfiles//crash_11.27:18.13/dve_session11.27:18.13.tcl} {gui_load_session -ignore_errors -file /DCNFS/users/student/xwei/Desktop/ELEN603/final/IMAGEPROC/tb/DVEfiles//crash_11.19:21.56/dve_session11.19:21.56.tcl}}
gui_set_state_value -category Layout -key child_console_size_x -value 1908
gui_set_state_value -category Layout -key child_console_size_y -value 176
gui_set_state_value -category Layout -key child_data_coltype -value 56
gui_set_state_value -category Layout -key child_data_colvalue -value 66
gui_set_state_value -category Layout -key child_data_colvariable -value 155
gui_set_state_value -category Layout -key child_data_size_x -value 271
gui_set_state_value -category Layout -key child_data_size_y -value 805
gui_set_state_value -category Layout -key child_driver_size_x -value 1636
gui_set_state_value -category Layout -key child_driver_size_y -value 179
gui_set_state_value -category Layout -key child_hier_col3 -value {-1}
gui_set_state_value -category Layout -key child_hier_colhier -value 230
gui_set_state_value -category Layout -key child_hier_colpd -value 0
gui_set_state_value -category Layout -key child_hier_coltype -value 39
gui_set_state_value -category Layout -key child_hier_size_x -value 263
gui_set_state_value -category Layout -key child_hier_size_y -value 805
gui_set_state_value -category Layout -key child_hier_sort_order -value 1
gui_set_state_value -category Layout -key child_schematic_docknewline -value false
gui_set_state_value -category Layout -key child_schematic_pos_x -value {-2}
gui_set_state_value -category Layout -key child_schematic_pos_y -value {-15}
gui_set_state_value -category Layout -key child_schematic_size_x -value 1377
gui_set_state_value -category Layout -key child_schematic_size_y -value 800
gui_set_state_value -category Layout -key child_source_docknewline -value false
gui_set_state_value -category Layout -key child_source_pos_x -value {-2}
gui_set_state_value -category Layout -key child_source_pos_y -value {-15}
gui_set_state_value -category Layout -key child_source_size_x -value 1377
gui_set_state_value -category Layout -key child_source_size_y -value 682
gui_set_state_value -category Layout -key child_wave_colname -value 196
gui_set_state_value -category Layout -key child_wave_colvalue -value 200
gui_set_state_value -category Layout -key child_wave_left -value 400
gui_set_state_value -category Layout -key child_wave_pos_x -value {-2}
gui_set_state_value -category Layout -key child_wave_pos_y -value {-15}
gui_set_state_value -category Layout -key child_wave_right -value 967
gui_set_state_value -category Layout -key child_wave_size_x -value 1377
gui_set_state_value -category Layout -key child_wave_size_y -value 832
gui_set_state_value -category Layout -key main_pos_x -value {-113}
gui_set_state_value -category Layout -key main_pos_y -value 59
gui_set_state_value -category Layout -key main_size_x -value 1795
gui_set_state_value -category Layout -key main_size_y -value 1139
gui_set_state_value -category Layout -key stand_wave_child_docknewline -value false
gui_set_state_value -category Layout -key stand_wave_child_pos_x -value {-2}
gui_set_state_value -category Layout -key stand_wave_child_pos_y -value {-15}
gui_set_state_value -category Layout -key stand_wave_child_size_x -value 1440
gui_set_state_value -category Layout -key stand_wave_child_size_y -value 785
gui_set_state_value -category Layout -key stand_wave_top_pos_x -value 273
gui_set_state_value -category Layout -key stand_wave_top_pos_y -value 173
gui_set_state_value -category Layout -key stand_wave_top_size_x -value 1708
gui_set_state_value -category Layout -key stand_wave_top_size_y -value 1062
gui_create_state_key -category FindDialog -key m_pMatchCase -value_type bool -value false
gui_create_state_key -category FindDialog -key m_pMatchWord -value_type bool -value false
gui_create_state_key -category FindDialog -key m_pUseCombo -value_type string -value {}
gui_create_state_key -category FindDialog -key m_pWrapAround -value_type bool -value true
gui_create_state_key -category Widget_History -key {dlgSimSetup|m_setupTab|tab pages|SimTab|m_VPDCombo} -value_type string -value inter.vpd
gui_create_state_key -category Widget_History -key {dlgSimSetup|m_setupTab|tab pages|SimTab|m_argsCombo} -value_type string -value {{-ucligui +UVM_TESTNAME=test_rotate} +UVM_TESTNAME=test_rotate {-ucligui }}
gui_create_state_key -category Widget_History -key {dlgSimSetup|m_setupTab|tab pages|SimTab|m_curDirCombo} -value_type string -value {/DCNFS/users/student/xwei/Desktop/ELEN603/final/IMAGEPROC/tb /DCNFS/users/student/xwei/Desktop/ELEN603/final/test /DCNFS/users/student/xwei/Desktop/verilog/syn_fifo}
gui_create_state_key -category Widget_History -key {dlgSimSetup|m_setupTab|tab pages|SimTab|m_exeCombo} -value_type string -value {/DCNFS/users/student/xwei/Desktop/ELEN603/final/IMAGEPROC/tb/simv ./simv /DCNFS/users/student/xwei/Desktop/ELEN603/final/test/simv /DCNFS/users/student/xwei/Desktop/verilog/syn_fifo/simv}
gui_state_default_create -off

# Begin command logging
gui_set_pref_value -category {Globals} -key {smart_resize} -value {false}
gui_set_pref_value -category {Globals} -key {smart_resize} -value {true}
gui_sim_run Ucli -exe ./simv -args {-ucligui  +UVM_TESTNAME=test_rotate} -dir .
gui_list_expand -id  Hier.1   imageproc_test_top
gui_list_select -id Hier.1 -current_item_name imageproc_test_top.dut -current_item_type Scope  -selected  { imageproc_test_top.dut   }
gui_use_schematics 
gui_sch_show -name imageproc_test_top.dut
gui_zoom -window Schematic.1 -rect { {-11257 -4072} {21280 14095} }
gui_zoom -window Schematic.1 -rect { {-11257 -4072} {21280 14095} }
gui_zoom -window Schematic.1 -rect { {-3503 -69444} {128737 4392} }
gui_zoom -window Schematic.1 -rect { {-3503 -69444} {128737 4392} }
gui_open_window Wave
gui_list_add -id Wave.1 -from Hier.1 { imageproc_test_top.dut } -insertionbar
gui_sim_continue  
gui_marker_move -id  Wave.1 C1 819218538
gui_zoom -window Wave.1 -full
gui_list_select -id Hier.1 -current_item_name imageproc_test_top -current_item_type Scope  -selected  { imageproc_test_top   }
gui_use_schematics 
gui_sch_show -name imageproc_test_top
gui_zoom -window Schematic.2 -rect { {-11257 -4072} {21280 14095} }
gui_zoom -window Schematic.2 -rect { {-10699 -37445} {63927 4221} }
gui_zoom -window Schematic.2 -rect { {-10699 -37445} {63927 4221} }
gui_zoom -window Schematic.2 -rect { {-10699 -37445} {63927 4221} }
gui_set_env SIMSETUP::SIMCURRENTDIR /DCNFS/users/student/xwei/Desktop/ELEN603/final/IMAGEPROC/tb
gui_sim_restart -build /DCNFS/users/student/xwei/Desktop/ELEN603/final/IMAGEPROC/tb/simv.daidir/vcs_rebuild
gui_zoom -window Schematic.1 -rect { {-11257 -4072} {21280 14095} }
gui_zoom -window Schematic.1 -rect { {-11257 -4072} {21280 14095} }
gui_zoom -window Schematic.2 -rect { {-11257 -4072} {21280 14095} }
gui_zoom -window Schematic.2 -rect { {-11257 -4072} {21280 14095} }
gui_zoom -window Schematic.1 -rect { {-11257 -4072} {21280 14095} }
gui_zoom -window Schematic.2 -rect { {-11257 -4072} {21280 14095} }
gui_set_pref_value -category {Source} -key {value_annotate} -value {false}
gui_set_pref_value -category {Source} -key {value_annotate} -value {true}
gui_zoom -window Schematic.1 -rect { {-3503 -69444} {128737 4392} }
gui_zoom -window Schematic.1 -rect { {-3503 -69444} {128737 4392} }
gui_zoom -window Schematic.2 -rect { {-11257 -4072} {21280 14095} }
gui_zoom -window Schematic.2 -rect { {-11257 -4072} {21280 14095} }
gui_zoom -window Schematic.1 -rect { {-3501 -69444} {128642 4338} }
gui_zoom -window Schematic.2 -rect { {-10699 -37445} {63927 4221} }
gui_zoom -window Schematic.2 -rect { {-10699 -37445} {63927 4221} }
gui_zoom -window Schematic.2 -rect { {-10690 -37445} {63882 4192} }
gui_schematic_select -id Schematic.2 -type {cell} -parent {imageproc_test_top} {imageproc_test_top.dut}
gui_sch_viewport_backup -id Schematic.2 -type save
gui_sch_show -window Schematic.2 -name imageproc_test_top.dut
gui_zoom -window Schematic.2 -rect { {-3503 -69444} {128737 4392} }
gui_zoom -window Schematic.2 -rect { {-3503 -69444} {128737 4392} }
gui_sch_viewport_backup -id Schematic.2 -type restore -action in -pins {} -slct_targets global
gui_schematic_clear_selection -id Schematic.2
gui_schematic_select -id Schematic.2 -type {cell} -parent {imageproc_test_top.dut} {imageproc_test_top.dut.zoom_orig}
gui_sim_restart -build /DCNFS/users/student/xwei/Desktop/ELEN603/final/IMAGEPROC/tb/simv.daidir/vcs_rebuild
gui_zoom -window Schematic.1 -rect { {-11257 -4072} {21280 14095} }
gui_zoom -window Schematic.1 -rect { {-11257 -4072} {21280 14095} }
gui_zoom -window Schematic.2 -rect { {-11257 -4072} {21280 14095} }
gui_zoom -window Schematic.2 -rect { {-11257 -4072} {21280 14095} }
gui_zoom -window Schematic.1 -rect { {-11257 -4072} {21280 14095} }
gui_zoom -window Schematic.2 -rect { {-11257 -4072} {21280 14095} }
gui_set_pref_value -category {Source} -key {value_annotate} -value {false}
gui_set_pref_value -category {Source} -key {value_annotate} -value {true}
gui_zoom -window Schematic.1 -rect { {-3503 -69444} {128737 4392} }
gui_zoom -window Schematic.1 -rect { {-3503 -69444} {128737 4392} }
gui_zoom -window Schematic.2 -rect { {-11257 -4072} {21280 14095} }
gui_zoom -window Schematic.2 -rect { {-11257 -4072} {21280 14095} }
gui_zoom -window Schematic.1 -rect { {-3499 -69444} {128547 4284} }
gui_zoom -window Schematic.2 -rect { {-3503 -69444} {128737 4392} }
gui_zoom -window Schematic.2 -rect { {-3503 -69444} {128737 4392} }
gui_zoom -window Schematic.2 -rect { {-3501 -69444} {128642 4338} }
gui_schematic_clear_selection -id Schematic.2
gui_schematic_select -id Schematic.2 -type {cell} -parent {imageproc_test_top.dut} {imageproc_test_top.dut.rotate_orig}
gui_sch_viewport_backup -id Schematic.2 -type save
gui_sch_show -window Schematic.2 -name imageproc_test_top.dut.rotate_orig
gui_zoom -window Schematic.2 -rect { {-3642 -35903} {68201 4210} }
gui_zoom -window Schematic.2 -rect { {-3642 -35903} {68201 4210} }
gui_sch_viewport_backup -id Schematic.2 -type restore -action in -pins {} -slct_targets global
gui_schematic_clear_selection -id Schematic.2
gui_schematic_select -id Schematic.2 -type {cell} -parent {imageproc_test_top.dut.rotate_orig} {imageproc_test_top.dut.rotate_orig.sin_cos}
package require snpsMisc ; Misc::exec_method -method popCmd 
::Schematic::pop_netlists Schematic.2
gui_zoom -window Schematic.2 -rect { {-3501 -69444} {128644 4339} }
gui_list_expand -id  Hier.1   imageproc_test_top
gui_list_expand -id  Hier.1   imageproc_test_top.dut
gui_list_collapse -id  Hier.1   imageproc_test_top.dut
gui_list_expand -id  Hier.1   imageproc_test_top.dut
gui_list_collapse -id  Hier.1   imageproc_test_top.dut
gui_schematic_select -id Schematic.2 -type {pin} -parent {imageproc_test_top.dut} {imageproc_test_top.dut.cmd}
gui_open_window Wave
gui_list_add -id Wave.2 -from Schematic.2 imageproc_test_top.dut.cmd -insertionbar
gui_list_expand -id  Wave.2   {imageproc_test_top.dut.cmd[3:0]}
gui_list_select -id Wave.2 -selected  { {imageproc_test_top.dut.cmd[3]}   }
gui_list_select -id Wave.2 -selected  { {imageproc_test_top.dut.cmd[2]}   }
gui_list_select -id Wave.2 -selected  { {imageproc_test_top.dut.cmd[1]}   }
gui_list_collapse -id  Wave.2   Group1
gui_list_expand -id  Wave.2   Group1
gui_list_collapse -id  Wave.2   Group1
gui_close_window -window  Wave.2
gui_open_source -active imageproc_test_top.dut.cmd -activate
package require snpsMisc; ::Misc::exec_method -method moveUpCmd 
gui_src_show_source -id Source.1 -scope parent
gui_sim_restart -build /DCNFS/users/student/xwei/Desktop/ELEN603/final/IMAGEPROC/tb/simv.daidir/vcs_rebuild
gui_zoom -window Schematic.1 -rect { {-11257 -4072} {21280 14095} }
gui_zoom -window Schematic.1 -rect { {-11257 -4072} {21280 14095} }
gui_zoom -window Schematic.2 -rect { {-11257 -4072} {21280 14095} }
gui_zoom -window Schematic.2 -rect { {-11257 -4072} {21280 14095} }
gui_zoom -window Schematic.1 -rect { {-11257 -4072} {21280 14095} }
gui_zoom -window Schematic.2 -rect { {-11257 -4072} {21280 14095} }
gui_set_pref_value -category {Source} -key {value_annotate} -value {false}
gui_set_pref_value -category {Source} -key {value_annotate} -value {true}
gui_zoom -window Schematic.1 -rect { {-1076 -91260} {181693 10788} }
gui_zoom -window Schematic.1 -rect { {-1076 -91260} {181693 10788} }
gui_zoom -window Schematic.2 -rect { {-11257 -4072} {21280 14095} }
gui_zoom -window Schematic.2 -rect { {-11257 -4072} {21280 14095} }
gui_zoom -window Schematic.1 -rect { {-3497 -69504} {128452 4170} }
gui_zoom -window Schematic.2 -rect { {-1076 -91260} {181693 10788} }
gui_zoom -window Schematic.2 -rect { {-1076 -91260} {181693 10788} }
gui_zoom -window Schematic.2 -rect { {-3499 -69492} {128550 4237} }
gui_zoom -window Schematic.1 -rect { {-2230 -69504} {129719 4170} }
gui_zoom -window Schematic.1 -rect { {-3497 -69504} {128452 4170} }
gui_zoom -window Schematic.1 -rect { {-3497 -69504} {128452 4170} }
gui_zoom -window Schematic.1 -rect { {27980 -69504} {159929 4170} }
gui_zoom -window Schematic.1 -rect { {27980 -84803} {159929 -11130} }
gui_zoom -window Schematic.1 -rect { {49516 -84803} {181465 -11130} }
gui_schematic_clear_selection -id Schematic.1
gui_zoom -window Schematic.1 -rect { {49516 -69406} {181465 4267} }
gui_zoom -window Schematic.1 -rect { {49516 -84803} {181465 -11130} }
gui_zoom -window Schematic.1 -rect { {35678 -84803} {167627 -11130} }
gui_zoom -window Schematic.1 -rect { {11998 -84803} {143947 -5381} }
gui_zoom -window Schematic.1 -rect { {37530 -84803} {169479 -5381} }
gui_zoom -window Schematic.1 -rect { {30611 -84803} {162560 -5381} }
gui_zoom -window Schematic.1 -rect { {-963 -84803} {130986 -5381} }
gui_schematic_select -id Schematic.1 -type {pin} -parent {imageproc_test_top.dut} {imageproc_test_top.dut.cmd_data}
gui_open_source -active imageproc_test_top.dut.cmd_data -activate
package require snpsMisc; ::Misc::exec_method -method moveUpCmd 
gui_src_show_source -id Source.1 -scope parent
gui_sim_restart -build /DCNFS/users/student/xwei/Desktop/ELEN603/final/IMAGEPROC/tb/simv.daidir/vcs_rebuild
gui_zoom -window Schematic.1 -rect { {-10081 -4067} {20080 14088} }
gui_zoom -window Schematic.1 -rect { {-10081 -4067} {20080 14088} }
gui_zoom -window Schematic.2 -rect { {-10081 -4067} {20080 14088} }
gui_zoom -window Schematic.2 -rect { {-10081 -4067} {20080 14088} }
gui_zoom -window Schematic.1 -rect { {-10081 -4067} {20080 14088} }
gui_zoom -window Schematic.2 -rect { {-10081 -4067} {20080 14088} }
gui_set_pref_value -category {Source} -key {value_annotate} -value {false}
gui_set_pref_value -category {Source} -key {value_annotate} -value {true}
gui_zoom -window Schematic.1 -rect { {-1076 -95175} {181693 14838} }
gui_zoom -window Schematic.1 -rect { {-1076 -95175} {181693 14838} }
gui_zoom -window Schematic.2 -rect { {-10081 -4067} {20080 14088} }
gui_zoom -window Schematic.2 -rect { {-10081 -4067} {20080 14088} }
gui_zoom -window Schematic.1 -rect { {-963 -84803} {130889 -5439} }
gui_zoom -window Schematic.2 -rect { {-1076 -95175} {181693 14838} }
gui_zoom -window Schematic.2 -rect { {-1076 -95175} {181693 14838} }
gui_zoom -window Schematic.2 -rect { {-963 -69503} {130990 9922} }
