Command: vcs -full64 -debug_all -sverilog -ntb_opts uvm-1.1 -timescale=1ns/100ps \
-l comp.log -debug_all +vcs+vcdpluson ../rtl/imageproc.sv ../rtl/imageproc_io.sv \
../rtl/imageproc_test_top.sv ../rtl/ram.v ./test.sv +define+UVM_NO_DEPRECATED+UVM_OBJECT_MUST_HAVE_CONSTRUCTOR \
image.c
                         Chronologic VCS (TM)
        Version H-2013.06-3_Full64 -- Mon Nov 25 15:11:48 2013
               Copyright (c) 1991-2013 by Synopsys Inc.
                         ALL RIGHTS RESERVED

This program is proprietary and confidential information of Synopsys Inc.
and may be used and disclosed only as authorized in a license agreement
controlling such use and disclosure.

Parsing design file '/projects/dft2005fall/bgreene/vcs/etc/uvm-1.1/uvm_pkg.sv'
Parsing included file '/projects/dft2005fall/bgreene/vcs/etc/uvm-1.1/uvm_macros.svh'.
Parsing included file '/projects/dft2005fall/bgreene/vcs/etc/uvm-1.1/macros/uvm_version_defines.svh'.
Back to file '/projects/dft2005fall/bgreene/vcs/etc/uvm-1.1/uvm_macros.svh'.
Parsing included file '/projects/dft2005fall/bgreene/vcs/etc/uvm-1.1/macros/uvm_message_defines.svh'.
Back to file '/projects/dft2005fall/bgreene/vcs/etc/uvm-1.1/uvm_macros.svh'.
Parsing included file '/projects/dft2005fall/bgreene/vcs/etc/uvm-1.1/macros/uvm_phase_defines.svh'.
Back to file '/projects/dft2005fall/bgreene/vcs/etc/uvm-1.1/uvm_macros.svh'.
Parsing included file '/projects/dft2005fall/bgreene/vcs/etc/uvm-1.1/macros/uvm_object_defines.svh'.
Back to file '/projects/dft2005fall/bgreene/vcs/etc/uvm-1.1/uvm_macros.svh'.
Parsing included file '/projects/dft2005fall/bgreene/vcs/etc/uvm-1.1/macros/uvm_printer_defines.svh'.
Back to file '/projects/dft2005fall/bgreene/vcs/etc/uvm-1.1/uvm_macros.svh'.
Parsing included file '/projects/dft2005fall/bgreene/vcs/etc/uvm-1.1/macros/uvm_tlm_defines.svh'.
Parsing included file '/projects/dft2005fall/bgreene/vcs/etc/uvm-1.1/tlm1/uvm_tlm_imps.svh'.
Back to file '/projects/dft2005fall/bgreene/vcs/etc/uvm-1.1/macros/uvm_tlm_defines.svh'.
Back to file '/projects/dft2005fall/bgreene/vcs/etc/uvm-1.1/uvm_macros.svh'.
Parsing included file '/projects/dft2005fall/bgreene/vcs/etc/uvm-1.1/macros/uvm_sequence_defines.svh'.
Back to file '/projects/dft2005fall/bgreene/vcs/etc/uvm-1.1/uvm_macros.svh'.
Parsing included file '/projects/dft2005fall/bgreene/vcs/etc/uvm-1.1/macros/uvm_callback_defines.svh'.
Back to file '/projects/dft2005fall/bgreene/vcs/etc/uvm-1.1/uvm_macros.svh'.
Parsing included file '/projects/dft2005fall/bgreene/vcs/etc/uvm-1.1/macros/uvm_reg_defines.svh'.
Back to file '/projects/dft2005fall/bgreene/vcs/etc/uvm-1.1/uvm_macros.svh'.
Parsing included file '/projects/dft2005fall/bgreene/vcs/etc/uvm-1.1/macros/uvm_deprecated_defines.svh'.
Back to file '/projects/dft2005fall/bgreene/vcs/etc/uvm-1.1/uvm_macros.svh'.
Back to file '/projects/dft2005fall/bgreene/vcs/etc/uvm-1.1/uvm_pkg.sv'.
Parsing included file '/projects/dft2005fall/bgreene/vcs/etc/uvm-1.1/dpi/uvm_dpi.svh'.
Parsing included file '/projects/dft2005fall/bgreene/vcs/etc/uvm-1.1/dpi/uvm_hdl.svh'.
Back to file '/projects/dft2005fall/bgreene/vcs/etc/uvm-1.1/dpi/uvm_dpi.svh'.
Parsing included file '/projects/dft2005fall/bgreene/vcs/etc/uvm-1.1/dpi/uvm_svcmd_dpi.svh'.
Back to file '/projects/dft2005fall/bgreene/vcs/etc/uvm-1.1/dpi/uvm_dpi.svh'.
Parsing included file '/projects/dft2005fall/bgreene/vcs/etc/uvm-1.1/dpi/uvm_regex.svh'.
Back to file '/projects/dft2005fall/bgreene/vcs/etc/uvm-1.1/dpi/uvm_dpi.svh'.
Back to file '/projects/dft2005fall/bgreene/vcs/etc/uvm-1.1/uvm_pkg.sv'.
Parsing included file '/projects/dft2005fall/bgreene/vcs/etc/uvm-1.1/base/uvm_base.svh'.
Parsing included file '/projects/dft2005fall/bgreene/vcs/etc/uvm-1.1/base/uvm_version.svh'.
Back to file '/projects/dft2005fall/bgreene/vcs/etc/uvm-1.1/base/uvm_base.svh'.
Parsing included file '/projects/dft2005fall/bgreene/vcs/etc/uvm-1.1/base/uvm_object_globals.svh'.
Back to file '/projects/dft2005fall/bgreene/vcs/etc/uvm-1.1/base/uvm_base.svh'.
Parsing included file '/projects/dft2005fall/bgreene/vcs/etc/uvm-1.1/base/uvm_misc.svh'.
Back to file '/projects/dft2005fall/bgreene/vcs/etc/uvm-1.1/base/uvm_base.svh'.
Parsing included file '/projects/dft2005fall/bgreene/vcs/etc/uvm-1.1/base/uvm_object.svh'.
Back to file '/projects/dft2005fall/bgreene/vcs/etc/uvm-1.1/base/uvm_base.svh'.
Parsing included file '/projects/dft2005fall/bgreene/vcs/etc/uvm-1.1/base/uvm_pool.svh'.
Back to file '/projects/dft2005fall/bgreene/vcs/etc/uvm-1.1/base/uvm_base.svh'.
Parsing included file '/projects/dft2005fall/bgreene/vcs/etc/uvm-1.1/base/uvm_queue.svh'.
Back to file '/projects/dft2005fall/bgreene/vcs/etc/uvm-1.1/base/uvm_base.svh'.
Parsing included file '/projects/dft2005fall/bgreene/vcs/etc/uvm-1.1/base/uvm_factory.svh'.
Back to file '/projects/dft2005fall/bgreene/vcs/etc/uvm-1.1/base/uvm_base.svh'.
Parsing included file '/projects/dft2005fall/bgreene/vcs/etc/uvm-1.1/base/uvm_registry.svh'.
Back to file '/projects/dft2005fall/bgreene/vcs/etc/uvm-1.1/base/uvm_base.svh'.
Parsing included file '/projects/dft2005fall/bgreene/vcs/etc/uvm-1.1/base/uvm_spell_chkr.svh'.
Back to file '/projects/dft2005fall/bgreene/vcs/etc/uvm-1.1/base/uvm_base.svh'.
Parsing included file '/projects/dft2005fall/bgreene/vcs/etc/uvm-1.1/base/uvm_resource.svh'.
Back to file '/projects/dft2005fall/bgreene/vcs/etc/uvm-1.1/base/uvm_base.svh'.
Parsing included file '/projects/dft2005fall/bgreene/vcs/etc/uvm-1.1/deprecated/uvm_resource_converter.svh'.
Back to file '/projects/dft2005fall/bgreene/vcs/etc/uvm-1.1/base/uvm_base.svh'.
Parsing included file '/projects/dft2005fall/bgreene/vcs/etc/uvm-1.1/base/uvm_resource_specializations.svh'.
Back to file '/projects/dft2005fall/bgreene/vcs/etc/uvm-1.1/base/uvm_base.svh'.
Parsing included file '/projects/dft2005fall/bgreene/vcs/etc/uvm-1.1/base/uvm_resource_db.svh'.
Back to file '/projects/dft2005fall/bgreene/vcs/etc/uvm-1.1/base/uvm_base.svh'.
Parsing included file '/projects/dft2005fall/bgreene/vcs/etc/uvm-1.1/base/uvm_config_db.svh'.
Back to file '/projects/dft2005fall/bgreene/vcs/etc/uvm-1.1/base/uvm_base.svh'.
Parsing included file '/projects/dft2005fall/bgreene/vcs/etc/uvm-1.1/base/uvm_printer.svh'.
Back to file '/projects/dft2005fall/bgreene/vcs/etc/uvm-1.1/base/uvm_base.svh'.
Parsing included file '/projects/dft2005fall/bgreene/vcs/etc/uvm-1.1/base/uvm_comparer.svh'.
Back to file '/projects/dft2005fall/bgreene/vcs/etc/uvm-1.1/base/uvm_base.svh'.
Parsing included file '/projects/dft2005fall/bgreene/vcs/etc/uvm-1.1/base/uvm_packer.svh'.
Back to file '/projects/dft2005fall/bgreene/vcs/etc/uvm-1.1/base/uvm_base.svh'.
Parsing included file '/projects/dft2005fall/bgreene/vcs/etc/uvm-1.1/base/uvm_recorder.svh'.
Back to file '/projects/dft2005fall/bgreene/vcs/etc/uvm-1.1/base/uvm_base.svh'.
Parsing included file '/projects/dft2005fall/bgreene/vcs/etc/uvm-1.1/base/uvm_event_callback.svh'.
Back to file '/projects/dft2005fall/bgreene/vcs/etc/uvm-1.1/base/uvm_base.svh'.
Parsing included file '/projects/dft2005fall/bgreene/vcs/etc/uvm-1.1/base/uvm_event.svh'.
Back to file '/projects/dft2005fall/bgreene/vcs/etc/uvm-1.1/base/uvm_base.svh'.
Parsing included file '/projects/dft2005fall/bgreene/vcs/etc/uvm-1.1/base/uvm_barrier.svh'.
Back to file '/projects/dft2005fall/bgreene/vcs/etc/uvm-1.1/base/uvm_base.svh'.
Parsing included file '/projects/dft2005fall/bgreene/vcs/etc/uvm-1.1/base/uvm_callback.svh'.
Parsing included file '/projects/dft2005fall/bgreene/vcs/etc/uvm-1.1/uvm_macros.svh'.
Back to file '/projects/dft2005fall/bgreene/vcs/etc/uvm-1.1/base/uvm_callback.svh'.
Back to file '/projects/dft2005fall/bgreene/vcs/etc/uvm-1.1/base/uvm_base.svh'.
Parsing included file '/projects/dft2005fall/bgreene/vcs/etc/uvm-1.1/base/uvm_report_catcher.svh'.
Back to file '/projects/dft2005fall/bgreene/vcs/etc/uvm-1.1/base/uvm_base.svh'.
Parsing included file '/projects/dft2005fall/bgreene/vcs/etc/uvm-1.1/base/uvm_report_server.svh'.
Back to file '/projects/dft2005fall/bgreene/vcs/etc/uvm-1.1/base/uvm_base.svh'.
Parsing included file '/projects/dft2005fall/bgreene/vcs/etc/uvm-1.1/base/uvm_report_handler.svh'.
Back to file '/projects/dft2005fall/bgreene/vcs/etc/uvm-1.1/base/uvm_base.svh'.
Parsing included file '/projects/dft2005fall/bgreene/vcs/etc/uvm-1.1/base/uvm_report_object.svh'.
Back to file '/projects/dft2005fall/bgreene/vcs/etc/uvm-1.1/base/uvm_base.svh'.
Parsing included file '/projects/dft2005fall/bgreene/vcs/etc/uvm-1.1/base/uvm_transaction.svh'.
Back to file '/projects/dft2005fall/bgreene/vcs/etc/uvm-1.1/base/uvm_base.svh'.
Parsing included file '/projects/dft2005fall/bgreene/vcs/etc/uvm-1.1/base/uvm_phase.svh'.
Back to file '/projects/dft2005fall/bgreene/vcs/etc/uvm-1.1/base/uvm_base.svh'.
Parsing included file '/projects/dft2005fall/bgreene/vcs/etc/uvm-1.1/base/uvm_domain.svh'.
Back to file '/projects/dft2005fall/bgreene/vcs/etc/uvm-1.1/base/uvm_base.svh'.
Parsing included file '/projects/dft2005fall/bgreene/vcs/etc/uvm-1.1/base/uvm_bottomup_phase.svh'.
Back to file '/projects/dft2005fall/bgreene/vcs/etc/uvm-1.1/base/uvm_base.svh'.
Parsing included file '/projects/dft2005fall/bgreene/vcs/etc/uvm-1.1/base/uvm_topdown_phase.svh'.
Back to file '/projects/dft2005fall/bgreene/vcs/etc/uvm-1.1/base/uvm_base.svh'.
Parsing included file '/projects/dft2005fall/bgreene/vcs/etc/uvm-1.1/base/uvm_task_phase.svh'.
Back to file '/projects/dft2005fall/bgreene/vcs/etc/uvm-1.1/base/uvm_base.svh'.
Parsing included file '/projects/dft2005fall/bgreene/vcs/etc/uvm-1.1/base/uvm_common_phases.svh'.
Back to file '/projects/dft2005fall/bgreene/vcs/etc/uvm-1.1/base/uvm_base.svh'.
Parsing included file '/projects/dft2005fall/bgreene/vcs/etc/uvm-1.1/base/uvm_runtime_phases.svh'.
Back to file '/projects/dft2005fall/bgreene/vcs/etc/uvm-1.1/base/uvm_base.svh'.
Parsing included file '/projects/dft2005fall/bgreene/vcs/etc/uvm-1.1/base/uvm_component.svh'.
Parsing included file '/projects/dft2005fall/bgreene/vcs/etc/uvm-1.1/base/uvm_root.svh'.
Back to file '/projects/dft2005fall/bgreene/vcs/etc/uvm-1.1/base/uvm_component.svh'.
Back to file '/projects/dft2005fall/bgreene/vcs/etc/uvm-1.1/base/uvm_base.svh'.
Parsing included file '/projects/dft2005fall/bgreene/vcs/etc/uvm-1.1/base/uvm_objection.svh'.
Back to file '/projects/dft2005fall/bgreene/vcs/etc/uvm-1.1/base/uvm_base.svh'.
Parsing included file '/projects/dft2005fall/bgreene/vcs/etc/uvm-1.1/base/uvm_heartbeat.svh'.
Back to file '/projects/dft2005fall/bgreene/vcs/etc/uvm-1.1/base/uvm_base.svh'.
Parsing included file '/projects/dft2005fall/bgreene/vcs/etc/uvm-1.1/base/uvm_globals.svh'.
Back to file '/projects/dft2005fall/bgreene/vcs/etc/uvm-1.1/base/uvm_base.svh'.
Parsing included file '/projects/dft2005fall/bgreene/vcs/etc/uvm-1.1/base/uvm_cmdline_processor.svh'.
Back to file '/projects/dft2005fall/bgreene/vcs/etc/uvm-1.1/base/uvm_base.svh'.
Back to file '/projects/dft2005fall/bgreene/vcs/etc/uvm-1.1/uvm_pkg.sv'.
Parsing included file '/projects/dft2005fall/bgreene/vcs/etc/uvm-1.1/tlm1/uvm_tlm.svh'.
Parsing included file '/projects/dft2005fall/bgreene/vcs/etc/uvm-1.1/tlm1/uvm_tlm_ifs.svh'.
Back to file '/projects/dft2005fall/bgreene/vcs/etc/uvm-1.1/tlm1/uvm_tlm.svh'.
Parsing included file '/projects/dft2005fall/bgreene/vcs/etc/uvm-1.1/tlm1/uvm_sqr_ifs.svh'.
Back to file '/projects/dft2005fall/bgreene/vcs/etc/uvm-1.1/tlm1/uvm_tlm.svh'.
Parsing included file '/projects/dft2005fall/bgreene/vcs/etc/uvm-1.1/base/uvm_port_base.svh'.
Back to file '/projects/dft2005fall/bgreene/vcs/etc/uvm-1.1/tlm1/uvm_tlm.svh'.
Parsing included file '/projects/dft2005fall/bgreene/vcs/etc/uvm-1.1/tlm1/uvm_tlm_imps.svh'.
Back to file '/projects/dft2005fall/bgreene/vcs/etc/uvm-1.1/tlm1/uvm_tlm.svh'.
Parsing included file '/projects/dft2005fall/bgreene/vcs/etc/uvm-1.1/tlm1/uvm_imps.svh'.
Back to file '/projects/dft2005fall/bgreene/vcs/etc/uvm-1.1/tlm1/uvm_tlm.svh'.
Parsing included file '/projects/dft2005fall/bgreene/vcs/etc/uvm-1.1/tlm1/uvm_ports.svh'.
Back to file '/projects/dft2005fall/bgreene/vcs/etc/uvm-1.1/tlm1/uvm_tlm.svh'.
Parsing included file '/projects/dft2005fall/bgreene/vcs/etc/uvm-1.1/tlm1/uvm_exports.svh'.
Back to file '/projects/dft2005fall/bgreene/vcs/etc/uvm-1.1/tlm1/uvm_tlm.svh'.
Parsing included file '/projects/dft2005fall/bgreene/vcs/etc/uvm-1.1/tlm1/uvm_analysis_port.svh'.
Back to file '/projects/dft2005fall/bgreene/vcs/etc/uvm-1.1/tlm1/uvm_tlm.svh'.
Parsing included file '/projects/dft2005fall/bgreene/vcs/etc/uvm-1.1/tlm1/uvm_tlm_fifo_base.svh'.
Back to file '/projects/dft2005fall/bgreene/vcs/etc/uvm-1.1/tlm1/uvm_tlm.svh'.
Parsing included file '/projects/dft2005fall/bgreene/vcs/etc/uvm-1.1/tlm1/uvm_tlm_fifos.svh'.
Back to file '/projects/dft2005fall/bgreene/vcs/etc/uvm-1.1/tlm1/uvm_tlm.svh'.
Parsing included file '/projects/dft2005fall/bgreene/vcs/etc/uvm-1.1/tlm1/uvm_tlm_req_rsp.svh'.
Back to file '/projects/dft2005fall/bgreene/vcs/etc/uvm-1.1/tlm1/uvm_tlm.svh'.
Parsing included file '/projects/dft2005fall/bgreene/vcs/etc/uvm-1.1/tlm1/uvm_sqr_connections.svh'.
Back to file '/projects/dft2005fall/bgreene/vcs/etc/uvm-1.1/tlm1/uvm_tlm.svh'.
Back to file '/projects/dft2005fall/bgreene/vcs/etc/uvm-1.1/uvm_pkg.sv'.
Parsing included file '/projects/dft2005fall/bgreene/vcs/etc/uvm-1.1/comps/uvm_comps.svh'.
Parsing included file '/projects/dft2005fall/bgreene/vcs/etc/uvm-1.1/comps/uvm_pair.svh'.
Back to file '/projects/dft2005fall/bgreene/vcs/etc/uvm-1.1/comps/uvm_comps.svh'.
Parsing included file '/projects/dft2005fall/bgreene/vcs/etc/uvm-1.1/comps/uvm_policies.svh'.
Back to file '/projects/dft2005fall/bgreene/vcs/etc/uvm-1.1/comps/uvm_comps.svh'.
Parsing included file '/projects/dft2005fall/bgreene/vcs/etc/uvm-1.1/comps/uvm_in_order_comparator.svh'.
Back to file '/projects/dft2005fall/bgreene/vcs/etc/uvm-1.1/comps/uvm_comps.svh'.
Parsing included file '/projects/dft2005fall/bgreene/vcs/etc/uvm-1.1/comps/uvm_algorithmic_comparator.svh'.
Back to file '/projects/dft2005fall/bgreene/vcs/etc/uvm-1.1/comps/uvm_comps.svh'.
Parsing included file '/projects/dft2005fall/bgreene/vcs/etc/uvm-1.1/comps/uvm_random_stimulus.svh'.
Back to file '/projects/dft2005fall/bgreene/vcs/etc/uvm-1.1/comps/uvm_comps.svh'.
Parsing included file '/projects/dft2005fall/bgreene/vcs/etc/uvm-1.1/comps/uvm_subscriber.svh'.
Back to file '/projects/dft2005fall/bgreene/vcs/etc/uvm-1.1/comps/uvm_comps.svh'.
Parsing included file '/projects/dft2005fall/bgreene/vcs/etc/uvm-1.1/comps/uvm_monitor.svh'.
Back to file '/projects/dft2005fall/bgreene/vcs/etc/uvm-1.1/comps/uvm_comps.svh'.
Parsing included file '/projects/dft2005fall/bgreene/vcs/etc/uvm-1.1/comps/uvm_driver.svh'.
Back to file '/projects/dft2005fall/bgreene/vcs/etc/uvm-1.1/comps/uvm_comps.svh'.
Parsing included file '/projects/dft2005fall/bgreene/vcs/etc/uvm-1.1/comps/uvm_push_driver.svh'.
Back to file '/projects/dft2005fall/bgreene/vcs/etc/uvm-1.1/comps/uvm_comps.svh'.
Parsing included file '/projects/dft2005fall/bgreene/vcs/etc/uvm-1.1/comps/uvm_scoreboard.svh'.
Back to file '/projects/dft2005fall/bgreene/vcs/etc/uvm-1.1/comps/uvm_comps.svh'.
Parsing included file '/projects/dft2005fall/bgreene/vcs/etc/uvm-1.1/comps/uvm_agent.svh'.
Back to file '/projects/dft2005fall/bgreene/vcs/etc/uvm-1.1/comps/uvm_comps.svh'.
Parsing included file '/projects/dft2005fall/bgreene/vcs/etc/uvm-1.1/comps/uvm_env.svh'.
Back to file '/projects/dft2005fall/bgreene/vcs/etc/uvm-1.1/comps/uvm_comps.svh'.
Parsing included file '/projects/dft2005fall/bgreene/vcs/etc/uvm-1.1/comps/uvm_test.svh'.
Back to file '/projects/dft2005fall/bgreene/vcs/etc/uvm-1.1/comps/uvm_comps.svh'.
Back to file '/projects/dft2005fall/bgreene/vcs/etc/uvm-1.1/uvm_pkg.sv'.
Parsing included file '/projects/dft2005fall/bgreene/vcs/etc/uvm-1.1/seq/uvm_seq.svh'.
Parsing included file '/projects/dft2005fall/bgreene/vcs/etc/uvm-1.1/seq/uvm_sequence_item.svh'.
Back to file '/projects/dft2005fall/bgreene/vcs/etc/uvm-1.1/seq/uvm_seq.svh'.
Parsing included file '/projects/dft2005fall/bgreene/vcs/etc/uvm-1.1/seq/uvm_sequencer_base.svh'.
Back to file '/projects/dft2005fall/bgreene/vcs/etc/uvm-1.1/seq/uvm_seq.svh'.
Parsing included file '/projects/dft2005fall/bgreene/vcs/etc/uvm-1.1/seq/uvm_sequencer_analysis_fifo.svh'.
Back to file '/projects/dft2005fall/bgreene/vcs/etc/uvm-1.1/seq/uvm_seq.svh'.
Parsing included file '/projects/dft2005fall/bgreene/vcs/etc/uvm-1.1/seq/uvm_sequencer_param_base.svh'.
Back to file '/projects/dft2005fall/bgreene/vcs/etc/uvm-1.1/seq/uvm_seq.svh'.
Parsing included file '/projects/dft2005fall/bgreene/vcs/etc/uvm-1.1/seq/uvm_sequencer.svh'.
Back to file '/projects/dft2005fall/bgreene/vcs/etc/uvm-1.1/seq/uvm_seq.svh'.
Parsing included file '/projects/dft2005fall/bgreene/vcs/etc/uvm-1.1/seq/uvm_push_sequencer.svh'.
Back to file '/projects/dft2005fall/bgreene/vcs/etc/uvm-1.1/seq/uvm_seq.svh'.
Parsing included file '/projects/dft2005fall/bgreene/vcs/etc/uvm-1.1/seq/uvm_sequence_base.svh'.
Back to file '/projects/dft2005fall/bgreene/vcs/etc/uvm-1.1/seq/uvm_seq.svh'.
Parsing included file '/projects/dft2005fall/bgreene/vcs/etc/uvm-1.1/seq/uvm_sequence.svh'.
Back to file '/projects/dft2005fall/bgreene/vcs/etc/uvm-1.1/seq/uvm_seq.svh'.
Parsing included file '/projects/dft2005fall/bgreene/vcs/etc/uvm-1.1/seq/uvm_sequence_library.svh'.
Back to file '/projects/dft2005fall/bgreene/vcs/etc/uvm-1.1/seq/uvm_seq.svh'.
Parsing included file '/projects/dft2005fall/bgreene/vcs/etc/uvm-1.1/seq/uvm_sequence_builtin.svh'.
Back to file '/projects/dft2005fall/bgreene/vcs/etc/uvm-1.1/seq/uvm_seq.svh'.
Back to file '/projects/dft2005fall/bgreene/vcs/etc/uvm-1.1/uvm_pkg.sv'.
Parsing included file '/projects/dft2005fall/bgreene/vcs/etc/uvm-1.1/tlm2/uvm_tlm2.svh'.
Parsing included file '/projects/dft2005fall/bgreene/vcs/etc/uvm-1.1/tlm2/uvm_tlm2_defines.svh'.
Back to file '/projects/dft2005fall/bgreene/vcs/etc/uvm-1.1/tlm2/uvm_tlm2.svh'.
Parsing included file '/projects/dft2005fall/bgreene/vcs/etc/uvm-1.1/tlm2/uvm_tlm2_time.svh'.
Back to file '/projects/dft2005fall/bgreene/vcs/etc/uvm-1.1/tlm2/uvm_tlm2.svh'.
Parsing included file '/projects/dft2005fall/bgreene/vcs/etc/uvm-1.1/tlm2/uvm_tlm2_generic_payload.svh'.
Back to file '/projects/dft2005fall/bgreene/vcs/etc/uvm-1.1/tlm2/uvm_tlm2.svh'.
Parsing included file '/projects/dft2005fall/bgreene/vcs/etc/uvm-1.1/tlm2/uvm_tlm2_ifs.svh'.
Back to file '/projects/dft2005fall/bgreene/vcs/etc/uvm-1.1/tlm2/uvm_tlm2.svh'.
Parsing included file '/projects/dft2005fall/bgreene/vcs/etc/uvm-1.1/tlm2/uvm_tlm2_imps.svh'.
Back to file '/projects/dft2005fall/bgreene/vcs/etc/uvm-1.1/tlm2/uvm_tlm2.svh'.
Parsing included file '/projects/dft2005fall/bgreene/vcs/etc/uvm-1.1/tlm2/uvm_tlm2_ports.svh'.
Back to file '/projects/dft2005fall/bgreene/vcs/etc/uvm-1.1/tlm2/uvm_tlm2.svh'.
Parsing included file '/projects/dft2005fall/bgreene/vcs/etc/uvm-1.1/tlm2/uvm_tlm2_exports.svh'.
Back to file '/projects/dft2005fall/bgreene/vcs/etc/uvm-1.1/tlm2/uvm_tlm2.svh'.
Parsing included file '/projects/dft2005fall/bgreene/vcs/etc/uvm-1.1/tlm2/uvm_tlm2_sockets_base.svh'.
Back to file '/projects/dft2005fall/bgreene/vcs/etc/uvm-1.1/tlm2/uvm_tlm2.svh'.
Parsing included file '/projects/dft2005fall/bgreene/vcs/etc/uvm-1.1/tlm2/uvm_tlm2_sockets.svh'.
Back to file '/projects/dft2005fall/bgreene/vcs/etc/uvm-1.1/tlm2/uvm_tlm2.svh'.
Back to file '/projects/dft2005fall/bgreene/vcs/etc/uvm-1.1/uvm_pkg.sv'.
Parsing included file '/projects/dft2005fall/bgreene/vcs/etc/uvm-1.1/reg/uvm_reg_model.svh'.
Parsing included file '/projects/dft2005fall/bgreene/vcs/etc/uvm-1.1/reg/uvm_reg_item.svh'.
Back to file '/projects/dft2005fall/bgreene/vcs/etc/uvm-1.1/reg/uvm_reg_model.svh'.
Parsing included file '/projects/dft2005fall/bgreene/vcs/etc/uvm-1.1/reg/uvm_reg_adapter.svh'.
Back to file '/projects/dft2005fall/bgreene/vcs/etc/uvm-1.1/reg/uvm_reg_model.svh'.
Parsing included file '/projects/dft2005fall/bgreene/vcs/etc/uvm-1.1/reg/uvm_reg_predictor.svh'.
Back to file '/projects/dft2005fall/bgreene/vcs/etc/uvm-1.1/reg/uvm_reg_model.svh'.
Parsing included file '/projects/dft2005fall/bgreene/vcs/etc/uvm-1.1/reg/uvm_reg_sequence.svh'.
Back to file '/projects/dft2005fall/bgreene/vcs/etc/uvm-1.1/reg/uvm_reg_model.svh'.
Parsing included file '/projects/dft2005fall/bgreene/vcs/etc/uvm-1.1/reg/uvm_reg_cbs.svh'.
Back to file '/projects/dft2005fall/bgreene/vcs/etc/uvm-1.1/reg/uvm_reg_model.svh'.
Parsing included file '/projects/dft2005fall/bgreene/vcs/etc/uvm-1.1/reg/uvm_reg_backdoor.svh'.
Back to file '/projects/dft2005fall/bgreene/vcs/etc/uvm-1.1/reg/uvm_reg_model.svh'.
Parsing included file '/projects/dft2005fall/bgreene/vcs/etc/uvm-1.1/reg/uvm_reg_field.svh'.
Back to file '/projects/dft2005fall/bgreene/vcs/etc/uvm-1.1/reg/uvm_reg_model.svh'.
Parsing included file '/projects/dft2005fall/bgreene/vcs/etc/uvm-1.1/reg/uvm_vreg_field.svh'.
Back to file '/projects/dft2005fall/bgreene/vcs/etc/uvm-1.1/reg/uvm_reg_model.svh'.
Parsing included file '/projects/dft2005fall/bgreene/vcs/etc/uvm-1.1/reg/uvm_reg.svh'.
Back to file '/projects/dft2005fall/bgreene/vcs/etc/uvm-1.1/reg/uvm_reg_model.svh'.
Parsing included file '/projects/dft2005fall/bgreene/vcs/etc/uvm-1.1/reg/uvm_reg_indirect.svh'.
Back to file '/projects/dft2005fall/bgreene/vcs/etc/uvm-1.1/reg/uvm_reg_model.svh'.
Parsing included file '/projects/dft2005fall/bgreene/vcs/etc/uvm-1.1/reg/uvm_reg_fifo.svh'.
Back to file '/projects/dft2005fall/bgreene/vcs/etc/uvm-1.1/reg/uvm_reg_model.svh'.
Parsing included file '/projects/dft2005fall/bgreene/vcs/etc/uvm-1.1/reg/uvm_reg_file.svh'.
Back to file '/projects/dft2005fall/bgreene/vcs/etc/uvm-1.1/reg/uvm_reg_model.svh'.
Parsing included file '/projects/dft2005fall/bgreene/vcs/etc/uvm-1.1/reg/uvm_mem_mam.svh'.
Back to file '/projects/dft2005fall/bgreene/vcs/etc/uvm-1.1/reg/uvm_reg_model.svh'.
Parsing included file '/projects/dft2005fall/bgreene/vcs/etc/uvm-1.1/reg/uvm_vreg.svh'.
Back to file '/projects/dft2005fall/bgreene/vcs/etc/uvm-1.1/reg/uvm_reg_model.svh'.
Parsing included file '/projects/dft2005fall/bgreene/vcs/etc/uvm-1.1/reg/uvm_mem.svh'.
Back to file '/projects/dft2005fall/bgreene/vcs/etc/uvm-1.1/reg/uvm_reg_model.svh'.
Parsing included file '/projects/dft2005fall/bgreene/vcs/etc/uvm-1.1/reg/uvm_reg_map.svh'.
Back to file '/projects/dft2005fall/bgreene/vcs/etc/uvm-1.1/reg/uvm_reg_model.svh'.
Parsing included file '/projects/dft2005fall/bgreene/vcs/etc/uvm-1.1/reg/uvm_reg_block.svh'.
Back to file '/projects/dft2005fall/bgreene/vcs/etc/uvm-1.1/reg/uvm_reg_model.svh'.
Parsing included file '/projects/dft2005fall/bgreene/vcs/etc/uvm-1.1/reg/sequences/uvm_reg_hw_reset_seq.svh'.
Back to file '/projects/dft2005fall/bgreene/vcs/etc/uvm-1.1/reg/uvm_reg_model.svh'.
Parsing included file '/projects/dft2005fall/bgreene/vcs/etc/uvm-1.1/reg/sequences/uvm_reg_bit_bash_seq.svh'.
Back to file '/projects/dft2005fall/bgreene/vcs/etc/uvm-1.1/reg/uvm_reg_model.svh'.
Parsing included file '/projects/dft2005fall/bgreene/vcs/etc/uvm-1.1/reg/sequences/uvm_mem_walk_seq.svh'.
Back to file '/projects/dft2005fall/bgreene/vcs/etc/uvm-1.1/reg/uvm_reg_model.svh'.
Parsing included file '/projects/dft2005fall/bgreene/vcs/etc/uvm-1.1/reg/sequences/uvm_mem_access_seq.svh'.
Back to file '/projects/dft2005fall/bgreene/vcs/etc/uvm-1.1/reg/uvm_reg_model.svh'.
Parsing included file '/projects/dft2005fall/bgreene/vcs/etc/uvm-1.1/reg/sequences/uvm_reg_access_seq.svh'.
Back to file '/projects/dft2005fall/bgreene/vcs/etc/uvm-1.1/reg/uvm_reg_model.svh'.
Parsing included file '/projects/dft2005fall/bgreene/vcs/etc/uvm-1.1/reg/sequences/uvm_reg_mem_shared_access_seq.svh'.
Back to file '/projects/dft2005fall/bgreene/vcs/etc/uvm-1.1/reg/uvm_reg_model.svh'.
Parsing included file '/projects/dft2005fall/bgreene/vcs/etc/uvm-1.1/reg/sequences/uvm_reg_mem_built_in_seq.svh'.
Back to file '/projects/dft2005fall/bgreene/vcs/etc/uvm-1.1/reg/uvm_reg_model.svh'.
Parsing included file '/projects/dft2005fall/bgreene/vcs/etc/uvm-1.1/reg/sequences/uvm_reg_mem_hdl_paths_seq.svh'.
Back to file '/projects/dft2005fall/bgreene/vcs/etc/uvm-1.1/reg/uvm_reg_model.svh'.
Back to file '/projects/dft2005fall/bgreene/vcs/etc/uvm-1.1/uvm_pkg.sv'.
Parsing design file '/projects/dft2005fall/bgreene/vcs/etc/uvm-1.1/vcs/uvm_custom_install_vcs_recorder.sv'
Parsing included file '/projects/dft2005fall/bgreene/vcs/etc/uvm-1.1/vcs/msglog.svh'.
Back to file '/projects/dft2005fall/bgreene/vcs/etc/uvm-1.1/vcs/uvm_custom_install_vcs_recorder.sv'.
Parsing included file '/projects/dft2005fall/bgreene/vcs/etc/uvm-1.1/vcs/uvm_msglog_report_server.sv'.
Back to file '/projects/dft2005fall/bgreene/vcs/etc/uvm-1.1/vcs/uvm_custom_install_vcs_recorder.sv'.
Parsing included file '/projects/dft2005fall/bgreene/vcs/etc/uvm-1.1/vcs/uvm_vcs_recorder.svh'.
Back to file '/projects/dft2005fall/bgreene/vcs/etc/uvm-1.1/vcs/uvm_custom_install_vcs_recorder.sv'.
Parsing included file '/projects/dft2005fall/bgreene/vcs/etc/uvm-1.1/vcs/uvm_vcs_record_interface.sv'.
Back to file '/projects/dft2005fall/bgreene/vcs/etc/uvm-1.1/vcs/uvm_custom_install_vcs_recorder.sv'.
Parsing design file '../rtl/imageproc.sv'

Warning-[IPDASP] Identifier in ANSI port declaration
../rtl/imageproc.sv, 27
  Redeclaration of ANSI ports not allowed for 'refresh', this will be an error
  in a future release


Warning-[IPDASP] Identifier in ANSI port declaration
../rtl/imageproc.sv, 28
  Redeclaration of ANSI ports not allowed for 'busy', this will be an error in
  a future release

Parsing design file '../rtl/imageproc_io.sv'
Parsing design file '../rtl/imageproc_test_top.sv'
Parsing design file '../rtl/ram.v'
Parsing design file './test.sv'
Parsing included file 'test_collection.sv'.
Parsing included file 'imageproc_env.sv'.
Parsing included file 'input_agent.sv'.
Parsing included file 'packet_sequence.sv'.
Parsing included file 'packet.sv'.
Back to file 'packet_sequence.sv'.
Back to file 'input_agent.sv'.
Parsing included file 'driver.sv'.
Back to file 'input_agent.sv'.
Back to file 'imageproc_env.sv'.
Parsing included file 'reset_agent.sv'.
Parsing included file 'reset_sequence.sv'.
Back to file 'reset_agent.sv'.
Back to file 'imageproc_env.sv'.
Back to file 'test_collection.sv'.
Parsing included file 'packet_rotate.sv'.
Back to file 'test_collection.sv'.
Parsing included file 'packet_zoom.sv'.
Back to file 'test_collection.sv'.
Back to file './test.sv'.
Top Level Modules:
       uvm_custom_install_recording
       rotate
       imageproc_test_top
       test
TimeScale is 1 ns / 100 ps

Warning-[PCWM-W] Port connection width mismatch
../rtl/imageproc.sv, 125
"sintable sin_cos(clk, ANGLE, sin, cos);"
  The following 32-bit expression is connected to 7-bit port "angle" of module
  "sintable", instance "sin_cos".
  Expression: ANGLE
  	use +lint=PCWM for more details

Starting vcs inline pass...
8 modules and 0 UDP read.
	However, due to incremental compilation, only 2 modules need to be compiled.
recompiling module rotate because:
	This module or some inlined child module(s) has/have been modified.
recompiling module imageproc_test_top because:
	This module or some inlined child module(s) has/have been modified.
Both modules done.
ld -r -o pre_vcsobj_1_1.o --whole-archive pre_vcsobj_1_1.a --no-whole-archive
ld -r -o pre_vcsobj_1_2.o --whole-archive pre_vcsobj_1_2.a --no-whole-archive
if [ -x ../simv ]; then chmod -x ../simv; fi
g++  -o ../simv     -Wl,-whole-archive    -Wl,-no-whole-archive  image.o uvm_dpi.o \
_vcsobj_1_1.o  5NrI_d.o 5NrIB_d.o SIM_l.o   pre_vcsobj_1_1.o pre_vcsobj_1_2.o  rmapats_mop.o \
rmapats.o       /projects/dft2005fall/bgreene/vcs/amd64/lib/libzerosoft_rt_stubs.so \
/projects/dft2005fall/bgreene/vcs/amd64/lib/libvirsim.so /projects/dft2005fall/bgreene/vcs/amd64/lib/liberrorinf.so \
/projects/dft2005fall/bgreene/vcs/amd64/lib/libsnpsmalloc.so     /projects/dft2005fall/bgreene/vcs/amd64/lib/libvcsnew.so \
/projects/dft2005fall/bgreene/vcs/amd64/lib/libvcsucli.so /projects/dft2005fall/bgreene/vcs/amd64/lib/libuclinative.so \
./../simv.daidir/vc_hdrs.o   /projects/dft2005fall/bgreene/vcs/amd64/lib/vcs_save_restore_new.o \
-ldl -lm  -lc -lpthread -ldl 
../simv up to date
CPU time: 6.061 seconds to compile + .004 seconds to elab + .365 seconds to link
